[0.814s] Invoking command in '/home/ubuntu/ros2_ws/src/ros2-sprite': PYTHONPATH=/home/ubuntu/ros2_ws/build/ros2-sprite/prefix_override:/home/ubuntu/ros2_ws/install/ros2-sprite/lib/python3.8/site-packages:${PYTHONPATH} /usr/bin/python3 setup.py egg_info --egg-base ../../build/ros2-sprite build --build-base /home/ubuntu/ros2_ws/build/ros2-sprite/build install --record /home/ubuntu/ros2_ws/build/ros2-sprite/install.log --install-scripts $base/lib/ros2-sprite --single-version-externally-managed
[1.028s] running egg_info
[1.028s] creating ../../build/ros2-sprite/ros2_sprite.egg-info
[1.028s] writing ../../build/ros2-sprite/ros2_sprite.egg-info/PKG-INFO
[1.029s] writing dependency_links to ../../build/ros2-sprite/ros2_sprite.egg-info/dependency_links.txt
[1.029s] writing entry points to ../../build/ros2-sprite/ros2_sprite.egg-info/entry_points.txt
[1.029s] writing requirements to ../../build/ros2-sprite/ros2_sprite.egg-info/requires.txt
[1.030s] writing top-level names to ../../build/ros2-sprite/ros2_sprite.egg-info/top_level.txt
[1.031s] writing manifest file '../../build/ros2-sprite/ros2_sprite.egg-info/SOURCES.txt'
[1.066s] reading manifest file '../../build/ros2-sprite/ros2_sprite.egg-info/SOURCES.txt'
[1.067s] writing manifest file '../../build/ros2-sprite/ros2_sprite.egg-info/SOURCES.txt'
[1.067s] running build
[1.067s] running build_py
[1.068s] creating /home/ubuntu/ros2_ws/build/ros2-sprite/build
[1.068s] creating /home/ubuntu/ros2_ws/build/ros2-sprite/build/lib
[1.068s] creating /home/ubuntu/ros2_ws/build/ros2-sprite/build/lib/ros2-sprite
[1.068s] copying ros2-sprite/__init__.py -> /home/ubuntu/ros2_ws/build/ros2-sprite/build/lib/ros2-sprite
[1.068s] running install
[1.069s] running install_lib
[1.070s] creating /home/ubuntu/ros2_ws/install/ros2-sprite/lib/python3.8/site-packages/ros2-sprite
[1.070s] copying /home/ubuntu/ros2_ws/build/ros2-sprite/build/lib/ros2-sprite/__init__.py -> /home/ubuntu/ros2_ws/install/ros2-sprite/lib/python3.8/site-packages/ros2-sprite
[1.071s] byte-compiling /home/ubuntu/ros2_ws/install/ros2-sprite/lib/python3.8/site-packages/ros2-sprite/__init__.py to __init__.cpython-38.pyc
[1.072s] running install_data
[1.073s] creating /home/ubuntu/ros2_ws/install/ros2-sprite/share
[1.073s] creating /home/ubuntu/ros2_ws/install/ros2-sprite/share/ament_index
[1.073s] creating /home/ubuntu/ros2_ws/install/ros2-sprite/share/ament_index/resource_index
[1.073s] creating /home/ubuntu/ros2_ws/install/ros2-sprite/share/ament_index/resource_index/packages
[1.074s] copying resource/ros2-sprite -> /home/ubuntu/ros2_ws/install/ros2-sprite/share/ament_index/resource_index/packages
[1.074s] creating /home/ubuntu/ros2_ws/install/ros2-sprite/share/ros2-sprite
[1.074s] copying package.xml -> /home/ubuntu/ros2_ws/install/ros2-sprite/share/ros2-sprite
[1.074s] running install_egg_info
[1.075s] Copying ../../build/ros2-sprite/ros2_sprite.egg-info to /home/ubuntu/ros2_ws/install/ros2-sprite/lib/python3.8/site-packages/ros2_sprite-0.0.0-py3.8.egg-info
[1.076s] running install_scripts
[1.096s] writing list of installed files to '/home/ubuntu/ros2_ws/build/ros2-sprite/install.log'
[1.123s] Invoked command in '/home/ubuntu/ros2_ws/src/ros2-sprite' returned '0': PYTHONPATH=/home/ubuntu/ros2_ws/build/ros2-sprite/prefix_override:/home/ubuntu/ros2_ws/install/ros2-sprite/lib/python3.8/site-packages:${PYTHONPATH} /usr/bin/python3 setup.py egg_info --egg-base ../../build/ros2-sprite build --build-base /home/ubuntu/ros2_ws/build/ros2-sprite/build install --record /home/ubuntu/ros2_ws/build/ros2-sprite/install.log --install-scripts $base/lib/ros2-sprite --single-version-externally-managed
