[0.677s] Invoking command in '/home/ubuntu/ros2_ws/src/ros2_sprite': PYTHONPATH=/home/ubuntu/ros2_ws/build/ros2_sprite/prefix_override:/home/ubuntu/ros2_ws/install/ros2_sprite/lib/python3.8/site-packages:${PYTHONPATH} /usr/bin/python3 setup.py egg_info --egg-base ../../build/ros2_sprite build --build-base /home/ubuntu/ros2_ws/build/ros2_sprite/build install --record /home/ubuntu/ros2_ws/build/ros2_sprite/install.log --install-scripts $base/lib/ros2_sprite --single-version-externally-managed
[0.902s] running egg_info
[0.903s] writing ../../build/ros2_sprite/ros2_sprite.egg-info/PKG-INFO
[0.903s] writing dependency_links to ../../build/ros2_sprite/ros2_sprite.egg-info/dependency_links.txt
[0.903s] writing entry points to ../../build/ros2_sprite/ros2_sprite.egg-info/entry_points.txt
[0.904s] writing requirements to ../../build/ros2_sprite/ros2_sprite.egg-info/requires.txt
[0.904s] writing top-level names to ../../build/ros2_sprite/ros2_sprite.egg-info/top_level.txt
[0.941s] reading manifest file '../../build/ros2_sprite/ros2_sprite.egg-info/SOURCES.txt'
[0.942s] writing manifest file '../../build/ros2_sprite/ros2_sprite.egg-info/SOURCES.txt'
[0.942s] running build
[0.942s] running build_py
[0.942s] running install
[0.943s] running install_lib
[0.945s] running install_data
[0.946s] running install_egg_info
[0.948s] removing '/home/ubuntu/ros2_ws/install/ros2_sprite/lib/python3.8/site-packages/ros2_sprite-0.0.0-py3.8.egg-info' (and everything under it)
[0.948s] Copying ../../build/ros2_sprite/ros2_sprite.egg-info to /home/ubuntu/ros2_ws/install/ros2_sprite/lib/python3.8/site-packages/ros2_sprite-0.0.0-py3.8.egg-info
[0.949s] running install_scripts
[0.968s] Installing API script to /home/ubuntu/ros2_ws/install/ros2_sprite/lib/ros2_sprite
[0.968s] Installing sprite script to /home/ubuntu/ros2_ws/install/ros2_sprite/lib/ros2_sprite
[0.969s] writing list of installed files to '/home/ubuntu/ros2_ws/build/ros2_sprite/install.log'
[0.997s] Invoked command in '/home/ubuntu/ros2_ws/src/ros2_sprite' returned '0': PYTHONPATH=/home/ubuntu/ros2_ws/build/ros2_sprite/prefix_override:/home/ubuntu/ros2_ws/install/ros2_sprite/lib/python3.8/site-packages:${PYTHONPATH} /usr/bin/python3 setup.py egg_info --egg-base ../../build/ros2_sprite build --build-base /home/ubuntu/ros2_ws/build/ros2_sprite/build install --record /home/ubuntu/ros2_ws/build/ros2_sprite/install.log --install-scripts $base/lib/ros2_sprite --single-version-externally-managed
