[0.684s] Invoking command in '/home/ubuntu/ros2_ws/src/ros2_sprite': PYTHONPATH=/home/ubuntu/ros2_ws/build/ros2_sprite/prefix_override:/home/ubuntu/ros2_ws/install/ros2_sprite/lib/python3.8/site-packages:${PYTHONPATH} /usr/bin/python3 setup.py egg_info --egg-base ../../build/ros2_sprite build --build-base /home/ubuntu/ros2_ws/build/ros2_sprite/build install --record /home/ubuntu/ros2_ws/build/ros2_sprite/install.log --install-scripts $base/lib/ros2_sprite --single-version-externally-managed
[0.901s] running egg_info
[0.902s] writing ../../build/ros2_sprite/ros2_sprite.egg-info/PKG-INFO
[0.902s] writing dependency_links to ../../build/ros2_sprite/ros2_sprite.egg-info/dependency_links.txt
[0.902s] writing entry points to ../../build/ros2_sprite/ros2_sprite.egg-info/entry_points.txt
[0.903s] writing requirements to ../../build/ros2_sprite/ros2_sprite.egg-info/requires.txt
[0.903s] writing top-level names to ../../build/ros2_sprite/ros2_sprite.egg-info/top_level.txt
[0.947s] reading manifest file '../../build/ros2_sprite/ros2_sprite.egg-info/SOURCES.txt'
[0.949s] writing manifest file '../../build/ros2_sprite/ros2_sprite.egg-info/SOURCES.txt'
[0.949s] running build
[0.949s] running build_py
[0.950s] running install
[0.951s] running install_lib
[0.952s] running install_data
[0.953s] running install_egg_info
[0.955s] removing '/home/ubuntu/ros2_ws/install/ros2_sprite/lib/python3.8/site-packages/ros2_sprite-0.0.0-py3.8.egg-info' (and everything under it)
[0.956s] Copying ../../build/ros2_sprite/ros2_sprite.egg-info to /home/ubuntu/ros2_ws/install/ros2_sprite/lib/python3.8/site-packages/ros2_sprite-0.0.0-py3.8.egg-info
[0.957s] running install_scripts
[0.977s] Installing sprite = ros2_sprite.sprite:mainAPI script to /home/ubuntu/ros2_ws/install/ros2_sprite/lib/ros2_sprite
[0.977s] writing list of installed files to '/home/ubuntu/ros2_ws/build/ros2_sprite/install.log'
[1.009s] Invoked command in '/home/ubuntu/ros2_ws/src/ros2_sprite' returned '0': PYTHONPATH=/home/ubuntu/ros2_ws/build/ros2_sprite/prefix_override:/home/ubuntu/ros2_ws/install/ros2_sprite/lib/python3.8/site-packages:${PYTHONPATH} /usr/bin/python3 setup.py egg_info --egg-base ../../build/ros2_sprite build --build-base /home/ubuntu/ros2_ws/build/ros2_sprite/build install --record /home/ubuntu/ros2_ws/build/ros2_sprite/install.log --install-scripts $base/lib/ros2_sprite --single-version-externally-managed
