[0.668s] Invoking command in '/home/ubuntu/ros2_ws/src/ros2-sprite': PYTHONPATH=/home/ubuntu/ros2_ws/build/ros2-sprite/prefix_override:/home/ubuntu/ros2_ws/install/ros2-sprite/lib/python3.8/site-packages:${PYTHONPATH} /usr/bin/python3 setup.py egg_info --egg-base ../../build/ros2-sprite build --build-base /home/ubuntu/ros2_ws/build/ros2-sprite/build install --record /home/ubuntu/ros2_ws/build/ros2-sprite/install.log --install-scripts $base/lib/ros2-sprite --single-version-externally-managed
[0.881s] running egg_info
[0.881s] writing ../../build/ros2-sprite/ros2_sprite.egg-info/PKG-INFO
[0.882s] writing dependency_links to ../../build/ros2-sprite/ros2_sprite.egg-info/dependency_links.txt
[0.882s] writing entry points to ../../build/ros2-sprite/ros2_sprite.egg-info/entry_points.txt
[0.882s] writing requirements to ../../build/ros2-sprite/ros2_sprite.egg-info/requires.txt
[0.882s] writing top-level names to ../../build/ros2-sprite/ros2_sprite.egg-info/top_level.txt
[0.919s] reading manifest file '../../build/ros2-sprite/ros2_sprite.egg-info/SOURCES.txt'
[0.920s] writing manifest file '../../build/ros2-sprite/ros2_sprite.egg-info/SOURCES.txt'
[0.920s] running build
[0.920s] running build_py
[0.920s] running install
[0.921s] running install_lib
[0.923s] running install_data
[0.923s] copying package.xml -> /home/ubuntu/ros2_ws/install/ros2-sprite/share/ros2-sprite
[0.924s] running install_egg_info
[0.925s] removing '/home/ubuntu/ros2_ws/install/ros2-sprite/lib/python3.8/site-packages/ros2_sprite-0.0.0-py3.8.egg-info' (and everything under it)
[0.926s] Copying ../../build/ros2-sprite/ros2_sprite.egg-info to /home/ubuntu/ros2_ws/install/ros2-sprite/lib/python3.8/site-packages/ros2_sprite-0.0.0-py3.8.egg-info
[0.927s] running install_scripts
[0.946s] writing list of installed files to '/home/ubuntu/ros2_ws/build/ros2-sprite/install.log'
[0.972s] Invoked command in '/home/ubuntu/ros2_ws/src/ros2-sprite' returned '0': PYTHONPATH=/home/ubuntu/ros2_ws/build/ros2-sprite/prefix_override:/home/ubuntu/ros2_ws/install/ros2-sprite/lib/python3.8/site-packages:${PYTHONPATH} /usr/bin/python3 setup.py egg_info --egg-base ../../build/ros2-sprite build --build-base /home/ubuntu/ros2_ws/build/ros2-sprite/build install --record /home/ubuntu/ros2_ws/build/ros2-sprite/install.log --install-scripts $base/lib/ros2-sprite --single-version-externally-managed
