running egg_info
creating ../build/ros2_sprite/ros2_sprite.egg-info
writing ../build/ros2_sprite/ros2_sprite.egg-info/PKG-INFO
writing dependency_links to ../build/ros2_sprite/ros2_sprite.egg-info/dependency_links.txt
writing entry points to ../build/ros2_sprite/ros2_sprite.egg-info/entry_points.txt
writing requirements to ../build/ros2_sprite/ros2_sprite.egg-info/requires.txt
writing top-level names to ../build/ros2_sprite/ros2_sprite.egg-info/top_level.txt
writing manifest file '../build/ros2_sprite/ros2_sprite.egg-info/SOURCES.txt'
reading manifest file '../build/ros2_sprite/ros2_sprite.egg-info/SOURCES.txt'
writing manifest file '../build/ros2_sprite/ros2_sprite.egg-info/SOURCES.txt'
running build
running build_py
creating /home/ubuntu/ros2_ws/src/build/ros2_sprite/build
creating /home/ubuntu/ros2_ws/src/build/ros2_sprite/build/lib
creating /home/ubuntu/ros2_ws/src/build/ros2_sprite/build/lib/ros2_sprite
copying ros2_sprite/sprite.py -> /home/ubuntu/ros2_ws/src/build/ros2_sprite/build/lib/ros2_sprite
copying ros2_sprite/__init__.py -> /home/ubuntu/ros2_ws/src/build/ros2_sprite/build/lib/ros2_sprite
running install
running install_lib
creating /home/ubuntu/ros2_ws/src/install/ros2_sprite/lib/python3.8/site-packages/ros2_sprite
copying /home/ubuntu/ros2_ws/src/build/ros2_sprite/build/lib/ros2_sprite/sprite.py -> /home/ubuntu/ros2_ws/src/install/ros2_sprite/lib/python3.8/site-packages/ros2_sprite
copying /home/ubuntu/ros2_ws/src/build/ros2_sprite/build/lib/ros2_sprite/__init__.py -> /home/ubuntu/ros2_ws/src/install/ros2_sprite/lib/python3.8/site-packages/ros2_sprite
byte-compiling /home/ubuntu/ros2_ws/src/install/ros2_sprite/lib/python3.8/site-packages/ros2_sprite/sprite.py to sprite.cpython-38.pyc
byte-compiling /home/ubuntu/ros2_ws/src/install/ros2_sprite/lib/python3.8/site-packages/ros2_sprite/__init__.py to __init__.cpython-38.pyc
running install_data
creating /home/ubuntu/ros2_ws/src/install/ros2_sprite/share/ament_index
creating /home/ubuntu/ros2_ws/src/install/ros2_sprite/share/ament_index/resource_index
creating /home/ubuntu/ros2_ws/src/install/ros2_sprite/share/ament_index/resource_index/packages
copying resource/ros2_sprite -> /home/ubuntu/ros2_ws/src/install/ros2_sprite/share/ament_index/resource_index/packages
copying package.xml -> /home/ubuntu/ros2_ws/src/install/ros2_sprite/share/ros2_sprite
running install_egg_info
Copying ../build/ros2_sprite/ros2_sprite.egg-info to /home/ubuntu/ros2_ws/src/install/ros2_sprite/lib/python3.8/site-packages/ros2_sprite-0.0.0-py3.8.egg-info
running install_scripts
Installing sprite script to /home/ubuntu/ros2_ws/src/install/ros2_sprite/lib/ros2_sprite
writing list of installed files to '/home/ubuntu/ros2_ws/src/build/ros2_sprite/install.log'
