[0.722s] Invoking command in '/home/ubuntu/ros2_ws/src/ros2_sprite': PYTHONPATH=/home/ubuntu/ros2_ws/build/ros2_sprite/prefix_override:/home/ubuntu/ros2_ws/install/ros2_sprite/lib/python3.8/site-packages:${PYTHONPATH} /usr/bin/python3 setup.py egg_info --egg-base ../../build/ros2_sprite build --build-base /home/ubuntu/ros2_ws/build/ros2_sprite/build install --record /home/ubuntu/ros2_ws/build/ros2_sprite/install.log --install-scripts $base/lib/ros2_sprite --single-version-externally-managed
[0.941s] running egg_info
[0.942s] writing ../../build/ros2_sprite/ros2_sprite.egg-info/PKG-INFO
[0.942s] writing dependency_links to ../../build/ros2_sprite/ros2_sprite.egg-info/dependency_links.txt
[0.943s] writing entry points to ../../build/ros2_sprite/ros2_sprite.egg-info/entry_points.txt
[0.943s] writing requirements to ../../build/ros2_sprite/ros2_sprite.egg-info/requires.txt
[0.943s] writing top-level names to ../../build/ros2_sprite/ros2_sprite.egg-info/top_level.txt
[0.979s] reading manifest file '../../build/ros2_sprite/ros2_sprite.egg-info/SOURCES.txt'
[0.980s] writing manifest file '../../build/ros2_sprite/ros2_sprite.egg-info/SOURCES.txt'
[0.980s] running build
[0.981s] running build_py
[0.981s] copying ros2_sprite/API.py -> /home/ubuntu/ros2_ws/build/ros2_sprite/build/lib/ros2_sprite
[0.981s] running install
[0.982s] running install_lib
[0.983s] copying /home/ubuntu/ros2_ws/build/ros2_sprite/build/lib/ros2_sprite/API.py -> /home/ubuntu/ros2_ws/install/ros2_sprite/lib/python3.8/site-packages/ros2_sprite
[0.984s] byte-compiling /home/ubuntu/ros2_ws/install/ros2_sprite/lib/python3.8/site-packages/ros2_sprite/API.py to API.cpython-38.pyc
[0.986s] running install_data
[0.986s] running install_egg_info
[0.988s] removing '/home/ubuntu/ros2_ws/install/ros2_sprite/lib/python3.8/site-packages/ros2_sprite-0.0.0-py3.8.egg-info' (and everything under it)
[0.989s] Copying ../../build/ros2_sprite/ros2_sprite.egg-info to /home/ubuntu/ros2_ws/install/ros2_sprite/lib/python3.8/site-packages/ros2_sprite-0.0.0-py3.8.egg-info
[0.990s] running install_scripts
[1.009s] Installing API script to /home/ubuntu/ros2_ws/install/ros2_sprite/lib/ros2_sprite
[1.009s] Installing sprite script to /home/ubuntu/ros2_ws/install/ros2_sprite/lib/ros2_sprite
[1.010s] writing list of installed files to '/home/ubuntu/ros2_ws/build/ros2_sprite/install.log'
[1.035s] Invoked command in '/home/ubuntu/ros2_ws/src/ros2_sprite' returned '0': PYTHONPATH=/home/ubuntu/ros2_ws/build/ros2_sprite/prefix_override:/home/ubuntu/ros2_ws/install/ros2_sprite/lib/python3.8/site-packages:${PYTHONPATH} /usr/bin/python3 setup.py egg_info --egg-base ../../build/ros2_sprite build --build-base /home/ubuntu/ros2_ws/build/ros2_sprite/build install --record /home/ubuntu/ros2_ws/build/ros2_sprite/install.log --install-scripts $base/lib/ros2_sprite --single-version-externally-managed
