[0.701s] Invoking command in '/home/ubuntu/ros2_ws/src/ros2_sprite': PYTHONPATH=/home/ubuntu/ros2_ws/build/ros2_sprite/prefix_override:/home/ubuntu/ros2_ws/install/ros2_sprite/lib/python3.8/site-packages:${PYTHONPATH} /usr/bin/python3 setup.py egg_info --egg-base ../../build/ros2_sprite build --build-base /home/ubuntu/ros2_ws/build/ros2_sprite/build install --record /home/ubuntu/ros2_ws/build/ros2_sprite/install.log --install-scripts $base/lib/ros2_sprite --single-version-externally-managed
[0.921s] running egg_info
[0.922s] writing ../../build/ros2_sprite/ros2_sprite.egg-info/PKG-INFO
[0.922s] writing dependency_links to ../../build/ros2_sprite/ros2_sprite.egg-info/dependency_links.txt
[0.923s] writing entry points to ../../build/ros2_sprite/ros2_sprite.egg-info/entry_points.txt
[0.923s] writing requirements to ../../build/ros2_sprite/ros2_sprite.egg-info/requires.txt
[0.923s] writing top-level names to ../../build/ros2_sprite/ros2_sprite.egg-info/top_level.txt
[0.959s] reading manifest file '../../build/ros2_sprite/ros2_sprite.egg-info/SOURCES.txt'
[0.960s] writing manifest file '../../build/ros2_sprite/ros2_sprite.egg-info/SOURCES.txt'
[0.960s] running build
[0.961s] running build_py
[0.961s] copying ros2_sprite/API.py -> /home/ubuntu/ros2_ws/build/ros2_sprite/build/lib/ros2_sprite
[0.961s] running install
[0.962s] running install_lib
[0.963s] copying /home/ubuntu/ros2_ws/build/ros2_sprite/build/lib/ros2_sprite/API.py -> /home/ubuntu/ros2_ws/install/ros2_sprite/lib/python3.8/site-packages/ros2_sprite
[0.964s] byte-compiling /home/ubuntu/ros2_ws/install/ros2_sprite/lib/python3.8/site-packages/ros2_sprite/API.py to API.cpython-38.pyc
[0.966s] running install_data
[0.967s] running install_egg_info
[0.969s] removing '/home/ubuntu/ros2_ws/install/ros2_sprite/lib/python3.8/site-packages/ros2_sprite-0.0.0-py3.8.egg-info' (and everything under it)
[0.969s] Copying ../../build/ros2_sprite/ros2_sprite.egg-info to /home/ubuntu/ros2_ws/install/ros2_sprite/lib/python3.8/site-packages/ros2_sprite-0.0.0-py3.8.egg-info
[0.970s] running install_scripts
[0.989s] Installing API script to /home/ubuntu/ros2_ws/install/ros2_sprite/lib/ros2_sprite
[0.990s] Installing sprite script to /home/ubuntu/ros2_ws/install/ros2_sprite/lib/ros2_sprite
[0.990s] writing list of installed files to '/home/ubuntu/ros2_ws/build/ros2_sprite/install.log'
[1.018s] Invoked command in '/home/ubuntu/ros2_ws/src/ros2_sprite' returned '0': PYTHONPATH=/home/ubuntu/ros2_ws/build/ros2_sprite/prefix_override:/home/ubuntu/ros2_ws/install/ros2_sprite/lib/python3.8/site-packages:${PYTHONPATH} /usr/bin/python3 setup.py egg_info --egg-base ../../build/ros2_sprite build --build-base /home/ubuntu/ros2_ws/build/ros2_sprite/build install --record /home/ubuntu/ros2_ws/build/ros2_sprite/install.log --install-scripts $base/lib/ros2_sprite --single-version-externally-managed
