[0.754s] Invoking command in '/home/ubuntu/ros2_ws/src/ros2_sprite': PYTHONPATH=/home/ubuntu/ros2_ws/build/ros2_sprite/prefix_override:/home/ubuntu/ros2_ws/install/ros2_sprite/lib/python3.8/site-packages:${PYTHONPATH} /usr/bin/python3 setup.py egg_info --egg-base ../../build/ros2_sprite build --build-base /home/ubuntu/ros2_ws/build/ros2_sprite/build install --record /home/ubuntu/ros2_ws/build/ros2_sprite/install.log --install-scripts $base/lib/ros2_sprite --single-version-externally-managed
[0.974s] running egg_info
[0.975s] writing ../../build/ros2_sprite/ros2_sprite.egg-info/PKG-INFO
[0.975s] writing dependency_links to ../../build/ros2_sprite/ros2_sprite.egg-info/dependency_links.txt
[0.976s] writing entry points to ../../build/ros2_sprite/ros2_sprite.egg-info/entry_points.txt
[0.976s] writing requirements to ../../build/ros2_sprite/ros2_sprite.egg-info/requires.txt
[0.976s] writing top-level names to ../../build/ros2_sprite/ros2_sprite.egg-info/top_level.txt
[1.016s] reading manifest file '../../build/ros2_sprite/ros2_sprite.egg-info/SOURCES.txt'
[1.017s] writing manifest file '../../build/ros2_sprite/ros2_sprite.egg-info/SOURCES.txt'
[1.017s] running build
[1.017s] running build_py
[1.018s] copying ros2_sprite/API.py -> /home/ubuntu/ros2_ws/build/ros2_sprite/build/lib/ros2_sprite
[1.018s] running install
[1.019s] running install_lib
[1.020s] copying /home/ubuntu/ros2_ws/build/ros2_sprite/build/lib/ros2_sprite/API.py -> /home/ubuntu/ros2_ws/install/ros2_sprite/lib/python3.8/site-packages/ros2_sprite
[1.021s] byte-compiling /home/ubuntu/ros2_ws/install/ros2_sprite/lib/python3.8/site-packages/ros2_sprite/API.py to API.cpython-38.pyc
[1.022s]   File "/home/ubuntu/ros2_ws/install/ros2_sprite/lib/python3.8/site-packages/ros2_sprite/API.py", line 55
[1.022s]     def main()
[1.022s]              ^
[1.022s] SyntaxError: invalid syntax
[1.023s] 
[1.023s] running install_data
[1.023s] running install_egg_info
[1.025s] removing '/home/ubuntu/ros2_ws/install/ros2_sprite/lib/python3.8/site-packages/ros2_sprite-0.0.0-py3.8.egg-info' (and everything under it)
[1.025s] Copying ../../build/ros2_sprite/ros2_sprite.egg-info to /home/ubuntu/ros2_ws/install/ros2_sprite/lib/python3.8/site-packages/ros2_sprite-0.0.0-py3.8.egg-info
[1.026s] running install_scripts
[1.046s] Installing API script to /home/ubuntu/ros2_ws/install/ros2_sprite/lib/ros2_sprite
[1.046s] Installing sprite script to /home/ubuntu/ros2_ws/install/ros2_sprite/lib/ros2_sprite
[1.047s] writing list of installed files to '/home/ubuntu/ros2_ws/build/ros2_sprite/install.log'
[1.075s] Invoked command in '/home/ubuntu/ros2_ws/src/ros2_sprite' returned '0': PYTHONPATH=/home/ubuntu/ros2_ws/build/ros2_sprite/prefix_override:/home/ubuntu/ros2_ws/install/ros2_sprite/lib/python3.8/site-packages:${PYTHONPATH} /usr/bin/python3 setup.py egg_info --egg-base ../../build/ros2_sprite build --build-base /home/ubuntu/ros2_ws/build/ros2_sprite/build install --record /home/ubuntu/ros2_ws/build/ros2_sprite/install.log --install-scripts $base/lib/ros2_sprite --single-version-externally-managed
